<?xml version="1.0" encoding="UTF-8"?>
<!-- Generated by org.testng.reporters.JUnitXMLReporter -->
<testsuite ignored="0" hostname="Shree" failures="0" tests="9" name="Default test" time="269.979" errors="0" timestamp="2026-04-21T12:37:52 IST">
  <testcase classname="tests.Referal" name="doRefer" time="32.538"/>
  <testcase classname="tests.Referal" name="doRefer" time="29.615"/>
  <testcase classname="tests.Referal" name="doRefer" time="25.935"/>
  <testcase classname="tests.Referal" name="doRefer" time="23.709"/>
  <testcase classname="tests.Referal" name="doRefer" time="26.189"/>
  <testcase classname="tests.Referal" name="doRefer" time="24.688"/>
  <testcase classname="tests.Referal" name="doRefer" time="29.167"/>
  <testcase classname="tests.Referal" name="doRefer" time="27.241"/>
  <testcase classname="tests.Referal" name="doRefer" time="50.777"/>
</testsuite> <!-- Default test -->
