<?xml version="1.0" encoding="UTF-8"?>
<testng-results ignored="0" total="1" passed="1" failed="0" skipped="0">
  <reporter-output>
  </reporter-output>
  <suite started-at="2026-05-04T19:15:41 IST" name="Suite" finished-at="2026-05-04T19:16:03 IST" duration-ms="22696">
    <groups>
    </groups>
    <test started-at="2026-05-04T19:15:41 IST" name="Test" finished-at="2026-05-04T19:16:03 IST" duration-ms="22696">
      <class name="tests.Referal">
        <test-method signature="doRefer()[pri:0, instance:tests.Referal@2a65fe7c]" started-at="2026-05-04T19:15:41 IST" name="doRefer" finished-at="2026-05-04T19:16:03 IST" duration-ms="22577" status="PASS">
          <reporter-output>
          </reporter-output>
        </test-method> <!-- doRefer -->
      </class> <!-- tests.Referal -->
    </test> <!-- Test -->
  </suite> <!-- Suite -->
</testng-results>
