<?xml version="1.0" encoding="UTF-8"?>
<testng-results ignored="0" total="9" passed="9" failed="0" skipped="0">
  <reporter-output>
  </reporter-output>
  <suite started-at="2026-04-21T12:33:22 IST" name="Default suite" finished-at="2026-04-21T12:37:52 IST" duration-ms="269979">
    <groups>
    </groups>
    <test started-at="2026-04-21T12:33:22 IST" name="Default test" finished-at="2026-04-21T12:37:52 IST" duration-ms="269979">
      <class name="tests.Referal">
        <test-method signature="doRefer()[pri:0, instance:tests.Referal@2a65fe7c]" started-at="2026-04-21T12:33:22 IST" name="doRefer" finished-at="2026-04-21T12:33:55 IST" duration-ms="32538" status="PASS">
          <reporter-output>
          </reporter-output>
        </test-method> <!-- doRefer -->
        <test-method signature="doRefer()[pri:0, instance:tests.Referal@2a65fe7c]" started-at="2026-04-21T12:33:55 IST" name="doRefer" finished-at="2026-04-21T12:34:24 IST" duration-ms="29615" status="PASS">
          <reporter-output>
          </reporter-output>
        </test-method> <!-- doRefer -->
        <test-method signature="doRefer()[pri:0, instance:tests.Referal@2a65fe7c]" started-at="2026-04-21T12:34:24 IST" name="doRefer" finished-at="2026-04-21T12:34:50 IST" duration-ms="25935" status="PASS">
          <reporter-output>
          </reporter-output>
        </test-method> <!-- doRefer -->
        <test-method signature="doRefer()[pri:0, instance:tests.Referal@2a65fe7c]" started-at="2026-04-21T12:34:50 IST" name="doRefer" finished-at="2026-04-21T12:35:14 IST" duration-ms="23709" status="PASS">
          <reporter-output>
          </reporter-output>
        </test-method> <!-- doRefer -->
        <test-method signature="doRefer()[pri:0, instance:tests.Referal@2a65fe7c]" started-at="2026-04-21T12:35:14 IST" name="doRefer" finished-at="2026-04-21T12:35:40 IST" duration-ms="26189" status="PASS">
          <reporter-output>
          </reporter-output>
        </test-method> <!-- doRefer -->
        <test-method signature="doRefer()[pri:0, instance:tests.Referal@2a65fe7c]" started-at="2026-04-21T12:35:40 IST" name="doRefer" finished-at="2026-04-21T12:36:05 IST" duration-ms="24688" status="PASS">
          <reporter-output>
          </reporter-output>
        </test-method> <!-- doRefer -->
        <test-method signature="doRefer()[pri:0, instance:tests.Referal@2a65fe7c]" started-at="2026-04-21T12:36:05 IST" name="doRefer" finished-at="2026-04-21T12:36:34 IST" duration-ms="29167" status="PASS">
          <reporter-output>
          </reporter-output>
        </test-method> <!-- doRefer -->
        <test-method signature="doRefer()[pri:0, instance:tests.Referal@2a65fe7c]" started-at="2026-04-21T12:36:34 IST" name="doRefer" finished-at="2026-04-21T12:37:01 IST" duration-ms="27241" status="PASS">
          <reporter-output>
          </reporter-output>
        </test-method> <!-- doRefer -->
        <test-method signature="doRefer()[pri:0, instance:tests.Referal@2a65fe7c]" started-at="2026-04-21T12:37:01 IST" name="doRefer" finished-at="2026-04-21T12:37:52 IST" duration-ms="50777" status="PASS">
          <reporter-output>
          </reporter-output>
        </test-method> <!-- doRefer -->
      </class> <!-- tests.Referal -->
    </test> <!-- Default test -->
  </suite> <!-- Default suite -->
</testng-results>
